0 info it worked if it ends with ok
1 verbose cli [ '/usr/local/bin/node',
1 verbose cli   '/usr/local/bin/npm',
1 verbose cli   'run',
1 verbose cli   'server-watch' ]
2 info using npm@3.10.3
3 info using node@v6.4.0
4 verbose run-script [ 'preserver-watch', 'server-watch', 'postserver-watch' ]
5 info lifecycle battle_tanks@0.0.1~preserver-watch: battle_tanks@0.0.1
6 silly lifecycle battle_tanks@0.0.1~preserver-watch: no script for preserver-watch, continuing
7 info lifecycle battle_tanks@0.0.1~server-watch: battle_tanks@0.0.1
8 verbose lifecycle battle_tanks@0.0.1~server-watch: unsafe-perm in lifecycle true
9 verbose lifecycle battle_tanks@0.0.1~server-watch: PATH: /usr/local/lib/node_modules/npm/bin/node-gyp-bin:/home/mats/Projects/_/battle-tanks/node_modules/.bin:/usr/local/bin:/usr/local/heroku/bin:/home/mats/google-cloud-sdk/bin:/usr/local/sbin:/usr/local/bin:/usr/sbin:/usr/bin:/sbin:/bin:/usr/games:/usr/local/games
10 verbose lifecycle battle_tanks@0.0.1~server-watch: CWD: /home/mats/Projects/_/battle-tanks
11 silly lifecycle battle_tanks@0.0.1~server-watch: Args: [ '-c', 'nodemon --debug server/server.js' ]
12 silly lifecycle battle_tanks@0.0.1~server-watch: Returned: code: 1  signal: null
13 info lifecycle battle_tanks@0.0.1~server-watch: Failed to exec server-watch script
14 verbose stack Error: battle_tanks@0.0.1 server-watch: `nodemon --debug server/server.js`
14 verbose stack Exit status 1
14 verbose stack     at EventEmitter.<anonymous> (/usr/local/lib/node_modules/npm/lib/utils/lifecycle.js:242:16)
14 verbose stack     at emitTwo (events.js:106:13)
14 verbose stack     at EventEmitter.emit (events.js:191:7)
14 verbose stack     at ChildProcess.<anonymous> (/usr/local/lib/node_modules/npm/lib/utils/spawn.js:40:14)
14 verbose stack     at emitTwo (events.js:106:13)
14 verbose stack     at ChildProcess.emit (events.js:191:7)
14 verbose stack     at maybeClose (internal/child_process.js:852:16)
14 verbose stack     at Process.ChildProcess._handle.onexit (internal/child_process.js:215:5)
15 verbose pkgid battle_tanks@0.0.1
16 verbose cwd /home/mats/Projects/_/battle-tanks
17 error Linux 3.16.0-38-generic
18 error argv "/usr/local/bin/node" "/usr/local/bin/npm" "run" "server-watch"
19 error node v6.4.0
20 error npm  v3.10.3
21 error code ELIFECYCLE
22 error battle_tanks@0.0.1 server-watch: `nodemon --debug server/server.js`
22 error Exit status 1
23 error Failed at the battle_tanks@0.0.1 server-watch script 'nodemon --debug server/server.js'.
23 error Make sure you have the latest version of node.js and npm installed.
23 error If you do, this is most likely a problem with the battle_tanks package,
23 error not with npm itself.
23 error Tell the author that this fails on your system:
23 error     nodemon --debug server/server.js
23 error You can get information on how to open an issue for this project with:
23 error     npm bugs battle_tanks
23 error Or if that isn't available, you can get their info via:
23 error     npm owner ls battle_tanks
23 error There is likely additional logging output above.
24 verbose exit [ 1, true ]
